<?xml version="1.0" encoding="UTF-8"?>
<robot generator="Robot 6.0.2 (Python 3.10.11 on win32)" generated="20230530 20:30:28.512" rpa="false" schemaversion="3">
<suite id="s1" name="webAppTest" source="d:\SEM6\SEP6-Selenium\webAppTest.robot">
<test id="s1-t1" name="Open Web Application" line="15">
<kw name="Open Chrome">
<kw name="Create Dictionary" library="BuiltIn">
<var>${device metrics}</var>
<arg>width=${360}</arg>
<arg>height=${640}</arg>
<arg>pixelRatio=${3.0}</arg>
<arg>userAgent=Mozilla/5.0 (Linux; Android 4.2.1; en-us; Nexus 5 Build/JOP40D) AppleWebKit/535.19 (KHTML, like Gecko) Chrome/18.0.1025.166 Mobile Safari/535.19</arg>
<doc>Creates and returns a dictionary based on the given ``items``.</doc>
<msg timestamp="20230530 20:30:28.795" level="INFO">${device metrics} = {'width': 360, 'height': 640, 'pixelRatio': 3.0, 'userAgent': 'Mozilla/5.0 (Linux; Android 4.2.1; en-us; Nexus 5 Build/JOP40D) AppleWebKit/535.19 (KHTML, like Gecko) Chrome/18.0.1025.166 Mobile Safari...</msg>
<status status="PASS" starttime="20230530 20:30:28.793" endtime="20230530 20:30:28.810"/>
</kw>
<kw name="Create Dictionary" library="BuiltIn">
<var>${mobile emulation}</var>
<arg>deviceMetrics=${device metrics}</arg>
<doc>Creates and returns a dictionary based on the given ``items``.</doc>
<msg timestamp="20230530 20:30:28.810" level="INFO">${mobile emulation} = {'deviceMetrics': {'width': 360, 'height': 640, 'pixelRatio': 3.0, 'userAgent': 'Mozilla/5.0 (Linux; Android 4.2.1; en-us; Nexus 5 Build/JOP40D) AppleWebKit/535.19 (KHTML, like Gecko) Chrome/18.0.1025...</msg>
<status status="PASS" starttime="20230530 20:30:28.810" endtime="20230530 20:30:28.811"/>
</kw>
<kw name="Evaluate" library="BuiltIn">
<var>${chrome options}</var>
<arg>sys.modules['selenium.webdriver'].ChromeOptions()</arg>
<arg>sys, selenium.webdriver</arg>
<doc>Evaluates the given expression in Python and returns the result.</doc>
<msg timestamp="20230530 20:30:28.811" level="INFO">${chrome options} = &lt;selenium.webdriver.chrome.options.Options object at 0x05187A18&gt;</msg>
<status status="PASS" starttime="20230530 20:30:28.811" endtime="20230530 20:30:28.811"/>
</kw>
<kw name="Call Method" library="BuiltIn">
<arg>${chrome options}</arg>
<arg>add_experimental_option</arg>
<arg>mobileEmulation</arg>
<arg>${mobile emulation}</arg>
<doc>Calls the named method of the given object with the provided arguments.</doc>
<status status="PASS" starttime="20230530 20:30:28.811" endtime="20230530 20:30:28.811"/>
</kw>
<kw name="Create Webdriver" library="SeleniumLibrary">
<arg>Chrome</arg>
<arg>chrome_options=${chrome options}</arg>
<doc>Creates an instance of Selenium WebDriver.</doc>
<msg timestamp="20230530 20:30:28.812" level="INFO">Creating an instance of the Chrome WebDriver.</msg>
<msg timestamp="20230530 20:30:28.824" level="INFO">Applicable driver not found; attempting to install with Selenium Manager (Beta)</msg>
<status status="PASS" starttime="20230530 20:30:28.811" endtime="20230530 20:30:33.430"/>
</kw>
<status status="PASS" starttime="20230530 20:30:28.793" endtime="20230530 20:30:33.430"/>
</kw>
<kw name="Maximize Browser Window" library="SeleniumLibrary">
<doc>Maximizes current browser window.</doc>
<status status="PASS" starttime="20230530 20:30:33.431" endtime="20230530 20:30:33.553"/>
</kw>
<status status="PASS" starttime="20230530 20:30:28.791" endtime="20230530 20:30:33.554"/>
</test>
<status status="PASS" starttime="20230530 20:30:28.529" endtime="20230530 20:30:33.556"/>
</suite>
<statistics>
<total>
<stat pass="1" fail="0" skip="0">All Tests</stat>
</total>
<tag>
</tag>
<suite>
<stat pass="1" fail="0" skip="0" id="s1" name="webAppTest">webAppTest</stat>
</suite>
</statistics>
<errors>
</errors>
</robot>
